<?xml version="1.0" encoding="UTF-8"?>
<!-- Generated by org.testng.reporters.JUnitXMLReporter -->
<testsuite ignored="1" hostname="DESKTOP-Q9R4EMM" failures="1" tests="10" name="Personal Loan" time="0.26" errors="0" timestamp="2023-10-03T17:18:15 IST">
  <testcase classname="testngFramework.day1" name="Demo" time="0.012"/>
  <testcase classname="testngFramework.day1" name="SecondTest" time="0.007"/>
  <testcase classname="testngFramework.day2" name="plan" time="0.003"/>
  <testcase classname="testngFramework.day3" name="APICarLoan" time="0.006"/>
  <testcase classname="testngFramework.day3" name="MobileLoginCarLoan" time="0.012"/>
  <testcase classname="testngFramework.day3" name="MobileSignoutCarLoan" time="0.006"/>
  <testcase classname="testngFramework.day3" name="WebLoginCarLoan" time="0.0">
    <failure type="org.testng.TestNGException" message="
Parameter &amp;apos;URL&amp;apos; is required by @Test on method WebLoginCarLoan but has not been marked @Optional or defined
in C:\Users\DELL\eclipse-workspace\UdemyProject\testng2.xml">
      <![CDATA[org.testng.TestNGException: 
Parameter 'URL' is required by @Test on method WebLoginCarLoan but has not been marked @Optional or defined
in C:\Users\DELL\eclipse-workspace\UdemyProject\testng2.xml
at java.base/java.util.ArrayList.forEach(ArrayList.java:1511)
... Removed 26 stack frames]]>
    </failure>
  </testcase> <!-- WebLoginCarLoan -->
  <testcase classname="testngFramework.day4" name="MobileLoginHomeLoan" time="0.003"/>
  <testcase classname="testngFramework.day4" name="WebLoginHomeLoan" time="0.002"/>
  <testcase classname="testngFramework.day4" name="LoginAPICarLoan" time="0.002"/>
  <testcase classname="testngFramework.day3" name="MobileSigninCarLoan" time="0.0">
    <ignored/>
  </testcase> <!-- MobileSigninCarLoan -->
</testsuite> <!-- Personal Loan -->
