<html>
<head>
<title>TestNG:  Personal Loan</title>
<link href="../testng.css" rel="stylesheet" type="text/css" />
<link href="../my-testng.css" rel="stylesheet" type="text/css" />

<style type="text/css">
.log { display: none;} 
.stack-trace { display: none;} 
</style>
<script type="text/javascript">
<!--
function flip(e) {
  current = e.style.display;
  if (current == 'block') {
    e.style.display = 'none';
    return 0;
  }
  else {
    e.style.display = 'block';
    return 1;
  }
}

function toggleBox(szDivId, elem, msg1, msg2)
{
  var res = -1;  if (document.getElementById) {
    res = flip(document.getElementById(szDivId));
  }
  else if (document.all) {
    // this is the way old msie versions work
    res = flip(document.all[szDivId]);
  }
  if(elem) {
    if(res == 0) elem.innerHTML = msg1; else elem.innerHTML = msg2;
  }

}

function toggleAllBoxes() {
  if (document.getElementsByTagName) {
    d = document.getElementsByTagName('div');
    for (i = 0; i < d.length; i++) {
      if (d[i].className == 'log') {
        flip(d[i]);
      }
    }
  }
}

// -->
</script>

</head>
<body>
<h2 align='center'>Personal Loan</h2><table border='1' align="center">
<tr>
<td>Tests passed/Failed/Skipped:</td><td>9/1/0</td>
</tr><tr>
<td>Started on:</td><td>Tue Oct 03 17:18:15 IST 2023</td>
</tr>
<tr><td>Total time:</td><td>0 seconds (260 ms)</td>
</tr><tr>
<td>Included groups:</td><td></td>
</tr><tr>
<td>Excluded groups:</td><td></td>
</tr>
</table><p/>
<small><i>(Hover the method name to see the test class name)</i></small><p/>
<table width='100%' border='1' class='invocation-failed'>
<tr><td colspan='4' align='center'><b>FAILED TESTS</b></td></tr>
<tr><td><b>Test method</b></td>
<td><b>Attribute(s)</b></td>
<td width="30%"><b>Exception</b></td>
<td width="10%"><b>Time (seconds)</b></td>
<td><b>Instance</b></td>
</tr>
<tr>
<td title='testngFramework.day3.WebLoginCarLoan()'><b>WebLoginCarLoan</b><br>Test class: testngFramework.day3</td>
<td><div><pre>org.testng.TestNGException: 
Parameter &apos;URL&apos; is required by @Test on method WebLoginCarLoan but has not been marked @Optional or defined
in C:\Users\DELL\eclipse-workspace\UdemyProject\testng2.xml
	at java.base/java.util.ArrayList.forEach(ArrayList.java:1511)
... Removed 26 stack frames</pre></div><a href='#' onClick='toggleBox("stack-trace1866875501", this, "Click to show all stack frames", "Click to hide stack frames")'>Click to show all stack frames</a>
<div class='stack-trace' id='stack-trace1866875501'><pre>org.testng.TestNGException: 
Parameter &apos;URL&apos; is required by @Test on method WebLoginCarLoan but has not been marked @Optional or defined
in C:\Users\DELL\eclipse-workspace\UdemyProject\testng2.xml
	at org.testng.internal.Parameters.createParams(Parameters.java:267)
	at org.testng.internal.Parameters.createParametersForMethod(Parameters.java:355)
	at org.testng.internal.Parameters.createParameters(Parameters.java:684)
	at org.testng.internal.Parameters.handleParameters(Parameters.java:879)
	at org.testng.internal.Parameters.handleParameters(Parameters.java:728)
	at org.testng.internal.invokers.ParameterHandler.handleParameters(ParameterHandler.java:72)
	at org.testng.internal.invokers.ParameterHandler.createParameters(ParameterHandler.java:51)
	at org.testng.internal.invokers.TestInvoker$MethodInvocationAgent.invoke(TestInvoker.java:911)
	at org.testng.internal.invokers.TestInvoker.invokeTestMethods(TestInvoker.java:200)
	at org.testng.internal.invokers.TestMethodWorker.invokeTestMethods(TestMethodWorker.java:148)
	at org.testng.internal.invokers.TestMethodWorker.run(TestMethodWorker.java:128)
	at java.base/java.util.ArrayList.forEach(ArrayList.java:1511)
	at org.testng.TestRunner.privateRun(TestRunner.java:848)
	at org.testng.TestRunner.run(TestRunner.java:621)
	at org.testng.SuiteRunner.runTest(SuiteRunner.java:443)
	at org.testng.SuiteRunner.runSequentially(SuiteRunner.java:437)
	at org.testng.SuiteRunner.privateRun(SuiteRunner.java:397)
	at org.testng.SuiteRunner.run(SuiteRunner.java:336)
	at org.testng.SuiteRunnerWorker.runSuite(SuiteRunnerWorker.java:52)
	at org.testng.SuiteRunnerWorker.run(SuiteRunnerWorker.java:95)
	at org.testng.TestNG.runSuitesSequentially(TestNG.java:1280)
	at org.testng.TestNG.runSuitesLocally(TestNG.java:1200)
	at org.testng.TestNG.runSuites(TestNG.java:1114)
	at org.testng.TestNG.run(TestNG.java:1082)
	at org.testng.remote.AbstractRemoteTestNG.run(AbstractRemoteTestNG.java:115)
	at org.testng.remote.RemoteTestNG.initAndRun(RemoteTestNG.java:251)
	at org.testng.remote.RemoteTestNG.main(RemoteTestNG.java:77)
</pre></div></td>
<td>0</td>
<td>testngFramework.day3@10683d9d</td></tr>
</table><p>
<table width='100%' border='1' class='invocation-passed'>
<tr><td colspan='4' align='center'><b>PASSED TESTS</b></td></tr>
<tr><td><b>Test method</b></td>
<td><b>Attribute(s)</b></td>
<td width="30%"><b>Exception</b></td>
<td width="10%"><b>Time (seconds)</b></td>
<td><b>Instance</b></td>
</tr>
<tr>
<td title='testngFramework.day4.LoginAPICarLoan()'><b>LoginAPICarLoan</b><br>Test class: testngFramework.day4</td>
<td></td>
<td>0</td>
<td>testngFramework.day4@6989da5e</td></tr>
<tr>
<td title='testngFramework.day4.MobileLoginHomeLoan()'><b>MobileLoginHomeLoan</b><br>Test class: testngFramework.day4</td>
<td></td>
<td>0</td>
<td>testngFramework.day4@6989da5e</td></tr>
<tr>
<td title='testngFramework.day1.SecondTest()'><b>SecondTest</b><br>Test class: testngFramework.day1</td>
<td></td>
<td>0</td>
<td>testngFramework.day1@815b41f</td></tr>
<tr>
<td title='testngFramework.day3.APICarLoan()'><b>APICarLoan</b><br>Test class: testngFramework.day3</td>
<td></td>
<td>0</td>
<td>testngFramework.day3@10683d9d</td></tr>
<tr>
<td title='testngFramework.day3.MobileLoginCarLoan()'><b>MobileLoginCarLoan</b><br>Test class: testngFramework.day3</td>
<td></td>
<td>0</td>
<td>testngFramework.day3@10683d9d</td></tr>
<tr>
<td title='testngFramework.day3.MobileSignoutCarLoan()'><b>MobileSignoutCarLoan</b><br>Test class: testngFramework.day3</td>
<td></td>
<td>0</td>
<td>testngFramework.day3@10683d9d</td></tr>
<tr>
<td title='testngFramework.day1.Demo()'><b>Demo</b><br>Test class: testngFramework.day1</td>
<td></td>
<td>0</td>
<td>testngFramework.day1@815b41f</td></tr>
<tr>
<td title='testngFramework.day2.plan()'><b>plan</b><br>Test class: testngFramework.day2</td>
<td></td>
<td>0</td>
<td>testngFramework.day2@1f2586d6</td></tr>
<tr>
<td title='testngFramework.day4.WebLoginHomeLoan()'><b>WebLoginHomeLoan</b><br>Test class: testngFramework.day4</td>
<td></td>
<td>0</td>
<td>testngFramework.day4@6989da5e</td></tr>
</table><p>
</body>
</html>